This file contains any messages produced by compilers while
running configure, to aid debugging if configure makes a mistake.

It was created by buddy configure 2.3a, which was
generated by GNU Autoconf 2.71.  Invocation command line was

  $ ./configure --disable-option-checking --prefix=/home/tacas23/usr --disable-devel --enable-ltdl-convenience --cache-file=/dev/null --srcdir=.

## --------- ##
## Platform. ##
## --------- ##

hostname = TACAS23-AEC
uname -m = x86_64
uname -r = 6.2.0-35-generic
uname -s = Linux
uname -v = #35~22.04.1-Ubuntu SMP PREEMPT_DYNAMIC Fri Oct  6 10:23:26 UTC 2

/usr/bin/uname -p = x86_64
/bin/uname -X     = unknown

/bin/arch              = x86_64
/usr/bin/arch -k       = unknown
/usr/convex/getsysinfo = unknown
/usr/bin/hostinfo      = unknown
/bin/machine           = unknown
/usr/bin/oslevel       = unknown
/bin/universe          = unknown

PATH: /home/tacas23/.opam/4.07.0/bin/
PATH: /home/tacas23/.local/bin/
PATH: /usr/local/sbin/
PATH: /usr/local/bin/
PATH: /usr/sbin/
PATH: /usr/bin/
PATH: /sbin/
PATH: /bin/
PATH: /usr/games/
PATH: /usr/local/games/
PATH: /snap/bin/
PATH: /snap/bin/
PATH: /home/tacas23/.dotnet/tools/


## ----------- ##
## Core tests. ##
## ----------- ##

configure:2739: looking for aux files: config.guess config.sub ltmain.sh compile missing install-sh
configure:2752:  trying ./tools/
configure:2781:   ./tools/config.guess found
configure:2781:   ./tools/config.sub found
configure:2781:   ./tools/ltmain.sh found
configure:2781:   ./tools/compile found
configure:2781:   ./tools/missing found
configure:2763:   ./tools/install-sh found
configure:2912: checking for a BSD-compatible install
configure:2985: result: /usr/bin/install -c
configure:2996: checking whether build environment is sane
configure:3051: result: yes
configure:3210: checking for a race-free mkdir -p
configure:3254: result: /usr/bin/mkdir -p
configure:3261: checking for gawk
configure:3296: result: no
configure:3261: checking for mawk
configure:3282: found /usr/bin/mawk
configure:3293: result: mawk
configure:3304: checking whether make sets $(MAKE)
configure:3327: result: yes
configure:3357: checking whether make supports nested variables
configure:3375: result: yes
configure:3606: checking for gcc
configure:3627: found /usr/bin/gcc
configure:3638: result: gcc
configure:3991: checking for C compiler version
configure:4000: gcc --version >&5
gcc (Ubuntu 11.4.0-1ubuntu1~22.04) 11.4.0
Copyright (C) 2021 Free Software Foundation, Inc.
This is free software; see the source for copying conditions.  There is NO
warranty; not even for MERCHANTABILITY or FITNESS FOR A PARTICULAR PURPOSE.

configure:4011: $? = 0
configure:4000: gcc -v >&5
Using built-in specs.
COLLECT_GCC=gcc
COLLECT_LTO_WRAPPER=/usr/lib/gcc/x86_64-linux-gnu/11/lto-wrapper
OFFLOAD_TARGET_NAMES=nvptx-none:amdgcn-amdhsa
OFFLOAD_TARGET_DEFAULT=1
Target: x86_64-linux-gnu
Configured with: ../src/configure -v --with-pkgversion='Ubuntu 11.4.0-1ubuntu1~22.04' --with-bugurl=file:///usr/share/doc/gcc-11/README.Bugs --enable-languages=c,ada,c++,go,brig,d,fortran,objc,obj-c++,m2 --prefix=/usr --with-gcc-major-version-only --program-suffix=-11 --program-prefix=x86_64-linux-gnu- --enable-shared --enable-linker-build-id --libexecdir=/usr/lib --without-included-gettext --enable-threads=posix --libdir=/usr/lib --enable-nls --enable-bootstrap --enable-clocale=gnu --enable-libstdcxx-debug --enable-libstdcxx-time=yes --with-default-libstdcxx-abi=new --enable-gnu-unique-object --disable-vtable-verify --enable-plugin --enable-default-pie --with-system-zlib --enable-libphobos-checking=release --with-target-system-zlib=auto --enable-objc-gc=auto --enable-multiarch --disable-werror --enable-cet --with-arch-32=i686 --with-abi=m64 --with-multilib-list=m32,m64,mx32 --enable-multilib --with-tune=generic --enable-offload-targets=nvptx-none=/build/gcc-11-XeT9lY/gcc-11-11.4.0/debian/tmp-nvptx/usr,amdgcn-amdhsa=/build/gcc-11-XeT9lY/gcc-11-11.4.0/debian/tmp-gcn/usr --without-cuda-driver --enable-checking=release --build=x86_64-linux-gnu --host=x86_64-linux-gnu --target=x86_64-linux-gnu --with-build-config=bootstrap-lto-lean --enable-link-serialization=2
Thread model: posix
Supported LTO compression algorithms: zlib zstd
gcc version 11.4.0 (Ubuntu 11.4.0-1ubuntu1~22.04) 
... rest of stderr output deleted ...
configure:4011: $? = 0
configure:4000: gcc -V >&5
gcc: error: unrecognized command-line option '-V'
gcc: fatal error: no input files
compilation terminated.
configure:4011: $? = 1
configure:4000: gcc -qversion >&5
gcc: error: unrecognized command-line option '-qversion'; did you mean '--version'?
gcc: fatal error: no input files
compilation terminated.
configure:4011: $? = 1
configure:4000: gcc -version >&5
gcc: error: unrecognized command-line option '-version'
gcc: fatal error: no input files
compilation terminated.
configure:4011: $? = 1
configure:4031: checking whether the C compiler works
configure:4053: gcc    conftest.c  >&5
configure:4057: $? = 0
configure:4107: result: yes
configure:4110: checking for C compiler default output file name
configure:4112: result: a.out
configure:4118: checking for suffix of executables
configure:4125: gcc -o conftest    conftest.c  >&5
configure:4129: $? = 0
configure:4152: result: 
configure:4174: checking whether we are cross compiling
configure:4182: gcc -o conftest    conftest.c  >&5
configure:4186: $? = 0
configure:4193: ./conftest
configure:4197: $? = 0
configure:4212: result: no
configure:4217: checking for suffix of object files
configure:4240: gcc -c   conftest.c >&5
configure:4244: $? = 0
configure:4266: result: o
configure:4270: checking whether the compiler supports GNU C
configure:4290: gcc -c   conftest.c >&5
configure:4290: $? = 0
configure:4300: result: yes
configure:4311: checking whether gcc accepts -g
configure:4332: gcc -c -g  conftest.c >&5
configure:4332: $? = 0
configure:4376: result: yes
configure:4396: checking for gcc option to enable C11 features
configure:4411: gcc  -c   conftest.c >&5
configure:4411: $? = 0
configure:4429: result: none needed
configure:4545: checking whether gcc understands -c and -o together
configure:4568: gcc -c conftest.c -o conftest2.o
configure:4571: $? = 0
configure:4568: gcc -c conftest.c -o conftest2.o
configure:4571: $? = 0
configure:4583: result: yes
configure:4603: checking whether make supports the include directive
configure:4618: make -f confmf.GNU && cat confinc.out
this is the am__doit target
configure:4621: $? = 0
configure:4640: result: yes (GNU style)
configure:4666: checking dependency style of gcc
configure:4778: result: gcc3
configure:4799: checking for flex
configure:4834: result: no
configure:4799: checking for lex
configure:4834: result: no
configure:5081: checking for bison
configure:5116: result: no
configure:5081: checking for byacc
configure:5116: result: no
configure:5195: checking for g++
configure:5216: found /usr/bin/g++
configure:5227: result: g++
configure:5254: checking for C++ compiler version
configure:5263: g++ --version >&5
g++ (Ubuntu 11.4.0-1ubuntu1~22.04) 11.4.0
Copyright (C) 2021 Free Software Foundation, Inc.
This is free software; see the source for copying conditions.  There is NO
warranty; not even for MERCHANTABILITY or FITNESS FOR A PARTICULAR PURPOSE.

configure:5274: $? = 0
configure:5263: g++ -v >&5
Using built-in specs.
COLLECT_GCC=g++
COLLECT_LTO_WRAPPER=/usr/lib/gcc/x86_64-linux-gnu/11/lto-wrapper
OFFLOAD_TARGET_NAMES=nvptx-none:amdgcn-amdhsa
OFFLOAD_TARGET_DEFAULT=1
Target: x86_64-linux-gnu
Configured with: ../src/configure -v --with-pkgversion='Ubuntu 11.4.0-1ubuntu1~22.04' --with-bugurl=file:///usr/share/doc/gcc-11/README.Bugs --enable-languages=c,ada,c++,go,brig,d,fortran,objc,obj-c++,m2 --prefix=/usr --with-gcc-major-version-only --program-suffix=-11 --program-prefix=x86_64-linux-gnu- --enable-shared --enable-linker-build-id --libexecdir=/usr/lib --without-included-gettext --enable-threads=posix --libdir=/usr/lib --enable-nls --enable-bootstrap --enable-clocale=gnu --enable-libstdcxx-debug --enable-libstdcxx-time=yes --with-default-libstdcxx-abi=new --enable-gnu-unique-object --disable-vtable-verify --enable-plugin --enable-default-pie --with-system-zlib --enable-libphobos-checking=release --with-target-system-zlib=auto --enable-objc-gc=auto --enable-multiarch --disable-werror --enable-cet --with-arch-32=i686 --with-abi=m64 --with-multilib-list=m32,m64,mx32 --enable-multilib --with-tune=generic --enable-offload-targets=nvptx-none=/build/gcc-11-XeT9lY/gcc-11-11.4.0/debian/tmp-nvptx/usr,amdgcn-amdhsa=/build/gcc-11-XeT9lY/gcc-11-11.4.0/debian/tmp-gcn/usr --without-cuda-driver --enable-checking=release --build=x86_64-linux-gnu --host=x86_64-linux-gnu --target=x86_64-linux-gnu --with-build-config=bootstrap-lto-lean --enable-link-serialization=2
Thread model: posix
Supported LTO compression algorithms: zlib zstd
gcc version 11.4.0 (Ubuntu 11.4.0-1ubuntu1~22.04) 
... rest of stderr output deleted ...
configure:5274: $? = 0
configure:5263: g++ -V >&5
g++: error: unrecognized command-line option '-V'
g++: fatal error: no input files
compilation terminated.
configure:5274: $? = 1
configure:5263: g++ -qversion >&5
g++: error: unrecognized command-line option '-qversion'; did you mean '--version'?
g++: fatal error: no input files
compilation terminated.
configure:5274: $? = 1
configure:5278: checking whether the compiler supports GNU C++
configure:5298: g++ -c   conftest.cpp >&5
configure:5298: $? = 0
configure:5308: result: yes
configure:5319: checking whether g++ accepts -g
configure:5340: g++ -c -g  conftest.cpp >&5
configure:5340: $? = 0
configure:5384: result: yes
configure:5404: checking for g++ option to enable C++11 features
configure:5419: g++  -c   conftest.cpp >&5
conftest.cpp: In function 'int main(int, char**)':
conftest.cpp:175:25: warning: empty parentheses were disambiguated as a function declaration [-Wvexing-parse]
  175 |   cxx11test::delegate d2();
      |                         ^~
conftest.cpp:175:25: note: remove parentheses to default-initialize a variable
  175 |   cxx11test::delegate d2();
      |                         ^~
      |                         --
conftest.cpp:175:25: note: or replace parentheses with braces to value-initialize a variable
configure:5419: $? = 0
configure:5437: result: none needed
configure:5503: checking dependency style of g++
configure:5615: result: gcc3
configure:5673: checking build system type
configure:5688: result: x86_64-pc-linux-gnu
configure:5708: checking host system type
configure:5722: result: x86_64-pc-linux-gnu
configure:5763: checking how to print strings
configure:5790: result: printf
configure:5811: checking for a sed that does not truncate output
configure:5881: result: /usr/bin/sed
configure:5899: checking for grep that handles long lines and -e
configure:5963: result: /usr/bin/grep
configure:5968: checking for egrep
configure:6036: result: /usr/bin/grep -E
configure:6041: checking for fgrep
configure:6109: result: /usr/bin/grep -F
configure:6145: checking for ld used by gcc
configure:6213: result: /usr/bin/ld
configure:6220: checking if the linker (/usr/bin/ld) is GNU ld
configure:6236: result: yes
configure:6248: checking for BSD- or MS-compatible name lister (nm)
configure:6303: result: /usr/bin/nm -B
configure:6443: checking the name lister (/usr/bin/nm -B) interface
configure:6451: gcc -c   conftest.c >&5
configure:6454: /usr/bin/nm -B "conftest.o"
configure:6457: output
0000000000000000 B some_variable
configure:6464: result: BSD nm
configure:6467: checking whether ln -s works
configure:6471: result: yes
configure:6479: checking the maximum length of command line arguments
configure:6611: result: 1572864
configure:6659: checking how to convert x86_64-pc-linux-gnu file names to x86_64-pc-linux-gnu format
configure:6700: result: func_convert_file_noop
configure:6707: checking how to convert x86_64-pc-linux-gnu file names to toolchain format
configure:6728: result: func_convert_file_noop
configure:6735: checking for /usr/bin/ld option to reload object files
configure:6743: result: -r
configure:6822: checking for file
configure:6843: found /usr/bin/file
configure:6854: result: file
configure:6930: checking for objdump
configure:6951: found /usr/bin/objdump
configure:6962: result: objdump
configure:6991: checking how to recognize dependent libraries
configure:7192: result: pass_all
configure:7282: checking for dlltool
configure:7317: result: no
configure:7344: checking how to associate runtime and link libraries
configure:7372: result: printf %s\n
configure:7437: checking for ar
configure:7458: found /usr/bin/ar
configure:7469: result: ar
configure:7522: checking for archiver @FILE support
configure:7540: gcc -c   conftest.c >&5
configure:7540: $? = 0
configure:7544: ar cr libconftest.a @conftest.lst >&5
configure:7547: $? = 0
configure:7552: ar cr libconftest.a @conftest.lst >&5
ar: conftest.o: No such file or directory
configure:7555: $? = 1
configure:7567: result: @
configure:7630: checking for strip
configure:7651: found /usr/bin/strip
configure:7662: result: strip
configure:7739: checking for ranlib
configure:7760: found /usr/bin/ranlib
configure:7771: result: ranlib
configure:7873: checking command to parse /usr/bin/nm -B output from gcc object
configure:8027: gcc -c   conftest.c >&5
configure:8030: $? = 0
configure:8034: /usr/bin/nm -B conftest.o | /usr/bin/sed -n -e 's/^.*[	 ]\([ABCDGIRSTW][ABCDGIRSTW]*\)[	 ][	 ]*\([_A-Za-z][_A-Za-z0-9]*\)$/\1 \2 \2/p' | /usr/bin/sed '/ __gnu_lto/d' > conftest.nm
configure:8100: gcc -o conftest    conftest.c conftstm.o >&5
configure:8103: $? = 0
configure:8141: result: ok
configure:8188: checking for sysroot
configure:8219: result: no
configure:8226: checking for a working dd
configure:8270: result: /usr/bin/dd
configure:8274: checking how to truncate binary pipes
configure:8290: result: /usr/bin/dd bs=4096 count=1
configure:8427: gcc -c   conftest.c >&5
configure:8430: $? = 0
configure:8627: checking for mt
configure:8648: found /usr/bin/mt
configure:8659: result: mt
configure:8682: checking if mt is a manifest tool
configure:8689: mt '-?'
configure:8697: result: no
configure:9422: checking for stdio.h
configure:9422: gcc -c   conftest.c >&5
configure:9422: $? = 0
configure:9422: result: yes
configure:9422: checking for stdlib.h
configure:9422: gcc -c   conftest.c >&5
configure:9422: $? = 0
configure:9422: result: yes
configure:9422: checking for string.h
configure:9422: gcc -c   conftest.c >&5
configure:9422: $? = 0
configure:9422: result: yes
configure:9422: checking for inttypes.h
configure:9422: gcc -c   conftest.c >&5
configure:9422: $? = 0
configure:9422: result: yes
configure:9422: checking for stdint.h
configure:9422: gcc -c   conftest.c >&5
configure:9422: $? = 0
configure:9422: result: yes
configure:9422: checking for strings.h
configure:9422: gcc -c   conftest.c >&5
configure:9422: $? = 0
configure:9422: result: yes
configure:9422: checking for sys/stat.h
configure:9422: gcc -c   conftest.c >&5
configure:9422: $? = 0
configure:9422: result: yes
configure:9422: checking for sys/types.h
configure:9422: gcc -c   conftest.c >&5
configure:9422: $? = 0
configure:9422: result: yes
configure:9422: checking for unistd.h
configure:9422: gcc -c   conftest.c >&5
configure:9422: $? = 0
configure:9422: result: yes
configure:9447: checking for dlfcn.h
configure:9447: gcc -c   conftest.c >&5
configure:9447: $? = 0
configure:9447: result: yes
configure:10045: checking for objdir
configure:10061: result: .libs
configure:10325: checking if gcc supports -fno-rtti -fno-exceptions
configure:10344: gcc -c   -fno-rtti -fno-exceptions conftest.c >&5
cc1: warning: command-line option '-fno-rtti' is valid for C++/D/ObjC++ but not for C
configure:10348: $? = 0
configure:10361: result: no
configure:10725: checking for gcc option to produce PIC
configure:10733: result: -fPIC -DPIC
configure:10741: checking if gcc PIC flag -fPIC -DPIC works
configure:10760: gcc -c   -fPIC -DPIC -DPIC conftest.c >&5
configure:10764: $? = 0
configure:10777: result: yes
configure:10806: checking if gcc static flag -static works
configure:10835: result: yes
configure:10850: checking if gcc supports -c -o file.o
configure:10872: gcc -c   -o out/conftest2.o conftest.c >&5
configure:10876: $? = 0
configure:10898: result: yes
configure:10906: checking if gcc supports -c -o file.o
configure:10954: result: yes
configure:10987: checking whether the gcc linker (/usr/bin/ld -m elf_x86_64) supports shared libraries
configure:12261: result: yes
configure:12298: checking whether -lc should be explicitly linked in
configure:12307: gcc -c   conftest.c >&5
configure:12310: $? = 0
configure:12325: gcc -shared  -fPIC -DPIC conftest.o  -v -Wl,-soname -Wl,conftest -o conftest 2\>\&1 \| /usr/bin/grep  -lc  \>/dev/null 2\>\&1
configure:12328: $? = 0
configure:12342: result: no
configure:12502: checking dynamic linker characteristics
configure:13084: gcc -o conftest    -Wl,-rpath -Wl,/foo conftest.c  >&5
configure:13084: $? = 0
configure:13335: result: GNU/Linux ld.so
configure:13457: checking how to hardcode library paths into programs
configure:13482: result: immediate
configure:14034: checking whether stripping libraries is possible
configure:14043: result: yes
configure:14085: checking if libtool supports shared libraries
configure:14087: result: yes
configure:14090: checking whether to build shared libraries
configure:14115: result: yes
configure:14118: checking whether to build static libraries
configure:14122: result: yes
configure:14145: checking how to run the C++ preprocessor
configure:14167: g++ -E  conftest.cpp
configure:14167: $? = 0
configure:14182: g++ -E  conftest.cpp
conftest.cpp:21:10: fatal error: ac_nonexistent.h: No such file or directory
   21 | #include <ac_nonexistent.h>
      |          ^~~~~~~~~~~~~~~~~~
compilation terminated.
configure:14182: $? = 1
configure: failed program was:
| /* confdefs.h */
| #define PACKAGE_NAME "buddy"
| #define PACKAGE_TARNAME "buddy"
| #define PACKAGE_VERSION "2.3a"
| #define PACKAGE_STRING "buddy 2.3a"
| #define PACKAGE_BUGREPORT ""
| #define PACKAGE_URL ""
| #define HAVE_STDIO_H 1
| #define HAVE_STDLIB_H 1
| #define HAVE_STRING_H 1
| #define HAVE_INTTYPES_H 1
| #define HAVE_STDINT_H 1
| #define HAVE_STRINGS_H 1
| #define HAVE_SYS_STAT_H 1
| #define HAVE_SYS_TYPES_H 1
| #define HAVE_UNISTD_H 1
| #define STDC_HEADERS 1
| #define HAVE_DLFCN_H 1
| #define LT_OBJDIR ".libs/"
| /* end confdefs.h.  */
| #include <ac_nonexistent.h>
configure:14209: result: g++ -E
configure:14223: g++ -E  conftest.cpp
configure:14223: $? = 0
configure:14238: g++ -E  conftest.cpp
conftest.cpp:21:10: fatal error: ac_nonexistent.h: No such file or directory
   21 | #include <ac_nonexistent.h>
      |          ^~~~~~~~~~~~~~~~~~
compilation terminated.
configure:14238: $? = 1
configure: failed program was:
| /* confdefs.h */
| #define PACKAGE_NAME "buddy"
| #define PACKAGE_TARNAME "buddy"
| #define PACKAGE_VERSION "2.3a"
| #define PACKAGE_STRING "buddy 2.3a"
| #define PACKAGE_BUGREPORT ""
| #define PACKAGE_URL ""
| #define HAVE_STDIO_H 1
| #define HAVE_STDLIB_H 1
| #define HAVE_STRING_H 1
| #define HAVE_INTTYPES_H 1
| #define HAVE_STDINT_H 1
| #define HAVE_STRINGS_H 1
| #define HAVE_SYS_STAT_H 1
| #define HAVE_SYS_TYPES_H 1
| #define HAVE_UNISTD_H 1
| #define STDC_HEADERS 1
| #define HAVE_DLFCN_H 1
| #define LT_OBJDIR ".libs/"
| /* end confdefs.h.  */
| #include <ac_nonexistent.h>
configure:14403: checking for ld used by g++
configure:14471: result: /usr/bin/ld -m elf_x86_64
configure:14478: checking if the linker (/usr/bin/ld -m elf_x86_64) is GNU ld
configure:14494: result: yes
configure:14549: checking whether the g++ linker (/usr/bin/ld -m elf_x86_64) supports shared libraries
configure:15627: result: yes
configure:15663: g++ -c   conftest.cpp >&5
configure:15666: $? = 0
configure:16147: checking for g++ option to produce PIC
configure:16155: result: -fPIC -DPIC
configure:16163: checking if g++ PIC flag -fPIC -DPIC works
configure:16182: g++ -c   -fPIC -DPIC -DPIC conftest.cpp >&5
configure:16186: $? = 0
configure:16199: result: yes
configure:16222: checking if g++ static flag -static works
configure:16251: result: yes
configure:16263: checking if g++ supports -c -o file.o
configure:16285: g++ -c   -o out/conftest2.o conftest.cpp >&5
configure:16289: $? = 0
configure:16311: result: yes
configure:16316: checking if g++ supports -c -o file.o
configure:16364: result: yes
configure:16394: checking whether the g++ linker (/usr/bin/ld -m elf_x86_64) supports shared libraries
configure:16437: result: yes
configure:16579: checking dynamic linker characteristics
configure:17339: result: GNU/Linux ld.so
configure:17404: checking how to hardcode library paths into programs
configure:17429: result: immediate
configure:17499: checking if the GNU linker (/usr/bin/ld -m elf_x86_64) supports -Bsymbolic-functions
configure:17513: result: yes
configure:17525: checking whether C compiler accepts -Werror -fvisibility=hidden
configure:17545: gcc -c   -Werror -fvisibility=hidden  conftest.c >&5
configure:17545: $? = 0
configure:17554: result: yes
configure:17567: checking whether C++ compiler accepts -Werror -fvisibility=hidden
configure:17587: g++ -c   -Werror -fvisibility=hidden  conftest.cpp >&5
configure:17587: $? = 0
configure:17596: result: yes
configure:17601: checking whether C++ compiler accepts -fvisibility-inlines-hidden
configure:17621: g++ -c  -fvisibility=hidden  -fvisibility-inlines-hidden  conftest.cpp >&5
configure:17621: $? = 0
configure:17630: result: yes
configure:17681: checking for gcc optimization options
configure:17705: gcc -c  -fvisibility=hidden -g -O3 -ffast-math  conftest.c >&5
configure:17708: $? = 0
configure:17705: gcc -c  -fvisibility=hidden -g -O3 -ffast-math -fstrict-aliasing  conftest.c >&5
configure:17708: $? = 0
configure:17705: gcc -c  -fvisibility=hidden -g -O3 -ffast-math -fstrict-aliasing -fomit-frame-pointer  conftest.c >&5
configure:17708: $? = 0
configure:17722: result: -O3 -ffast-math -fstrict-aliasing -fomit-frame-pointer
configure:17724: checking for g++ optimization options
configure:17748: g++ -c  -fvisibility=hidden -fvisibility-inlines-hidden -g -O3 -ffast-math  conftest.cpp >&5
cc1plus: fatal error: conftest.cpp: No such file or directory
compilation terminated.
configure:17751: $? = 1
configure:17748: g++ -c  -fvisibility=hidden -fvisibility-inlines-hidden -g -O3 -fstrict-aliasing  conftest.cpp >&5
cc1plus: fatal error: conftest.cpp: No such file or directory
compilation terminated.
configure:17751: $? = 1
configure:17748: g++ -c  -fvisibility=hidden -fvisibility-inlines-hidden -g -O3 -fomit-frame-pointer  conftest.cpp >&5
cc1plus: fatal error: conftest.cpp: No such file or directory
compilation terminated.
configure:17751: $? = 1
configure:17765: result: -O3
configure:17784: checking whether we are using the INTEL C compiler
configure:17805: gcc -c  -fvisibility=hidden -g -O3 -ffast-math -fstrict-aliasing -fomit-frame-pointer  -DNDEBUG conftest.c >&5
conftest.c: In function 'main':
conftest.c:26:8: error: unknown type name 'choke'
   26 |        choke me
      |        ^~~~~
configure:17805: $? = 1
configure: failed program was:
| /* confdefs.h */
| #define PACKAGE_NAME "buddy"
| #define PACKAGE_TARNAME "buddy"
| #define PACKAGE_VERSION "2.3a"
| #define PACKAGE_STRING "buddy 2.3a"
| #define PACKAGE_BUGREPORT ""
| #define PACKAGE_URL ""
| #define HAVE_STDIO_H 1
| #define HAVE_STDLIB_H 1
| #define HAVE_STRING_H 1
| #define HAVE_INTTYPES_H 1
| #define HAVE_STDINT_H 1
| #define HAVE_STRINGS_H 1
| #define HAVE_SYS_STAT_H 1
| #define HAVE_SYS_TYPES_H 1
| #define HAVE_UNISTD_H 1
| #define STDC_HEADERS 1
| #define HAVE_DLFCN_H 1
| #define LT_OBJDIR ".libs/"
| /* end confdefs.h.  */
| 
| int
| main (void)
| {
| #ifndef __INTEL_COMPILER
|        choke me
| #endif
| 
|   ;
|   return 0;
| }
configure:17815: result: no
configure:17817: checking to add extra CFLAGS for the INTEL C compiler
configure:17842: result: 
configure:18018: checking whether C++ compiler accepts -std=c++17
configure:18057: g++ -c  -fvisibility=hidden -fvisibility-inlines-hidden -g -O3  -std=c++17  -DNDEBUG conftest.cpp >&5
configure:18057: $? = 0
configure:18067: result: yes
configure:18188: checking that generated files are newer than configure
configure:18194: result: done
configure:18221: creating ./config.status

## ---------------------- ##
## Running config.status. ##
## ---------------------- ##

This file was extended by buddy config.status 2.3a, which was
generated by GNU Autoconf 2.71.  Invocation command line was

  CONFIG_FILES    = 
  CONFIG_HEADERS  = 
  CONFIG_LINKS    = 
  CONFIG_COMMANDS = 
  $ ./config.status 

on TACAS23-AEC

config.status:1164: creating Makefile
config.status:1164: creating src/Makefile
config.status:1164: creating doc/Makefile
config.status:1164: creating examples/Makefile
config.status:1164: creating examples/adder/Makefile
config.status:1164: creating examples/bddcalc/Makefile
config.status:1164: creating examples/bddtest/Makefile
config.status:1164: creating examples/cmilner/Makefile
config.status:1164: creating examples/fdd/Makefile
config.status:1164: creating examples/milner/Makefile
config.status:1164: creating examples/money/Makefile
config.status:1164: creating examples/queen/Makefile
config.status:1164: creating examples/solitare/Makefile
config.status:1164: creating config.h
config.status:1393: executing depfiles commands
config.status:1470: cd src       && sed -e '/# am--include-marker/d' Makefile         | make -f - am--depfiles
config.status:1475: $? = 0
config.status:1470: cd examples/adder       && sed -e '/# am--include-marker/d' Makefile         | make -f - am--depfiles
config.status:1475: $? = 0
config.status:1470: cd examples/bddcalc       && sed -e '/# am--include-marker/d' Makefile         | make -f - am--depfiles
config.status:1475: $? = 0
config.status:1470: cd examples/bddtest       && sed -e '/# am--include-marker/d' Makefile         | make -f - am--depfiles
config.status:1475: $? = 0
config.status:1470: cd examples/cmilner       && sed -e '/# am--include-marker/d' Makefile         | make -f - am--depfiles
config.status:1475: $? = 0
config.status:1470: cd examples/fdd       && sed -e '/# am--include-marker/d' Makefile         | make -f - am--depfiles
config.status:1475: $? = 0
config.status:1470: cd examples/milner       && sed -e '/# am--include-marker/d' Makefile         | make -f - am--depfiles
config.status:1475: $? = 0
config.status:1470: cd examples/money       && sed -e '/# am--include-marker/d' Makefile         | make -f - am--depfiles
config.status:1475: $? = 0
config.status:1470: cd examples/queen       && sed -e '/# am--include-marker/d' Makefile         | make -f - am--depfiles
config.status:1475: $? = 0
config.status:1470: cd examples/solitare       && sed -e '/# am--include-marker/d' Makefile         | make -f - am--depfiles
config.status:1475: $? = 0
config.status:1393: executing libtool commands

## ---------------- ##
## Cache variables. ##
## ---------------- ##

ac_cv_build=x86_64-pc-linux-gnu
ac_cv_c_compiler_gnu=yes
ac_cv_c_compiler_intel=no
ac_cv_cxx_compiler_gnu=yes
ac_cv_env_CCC_set=
ac_cv_env_CCC_value=
ac_cv_env_CC_set=
ac_cv_env_CC_value=
ac_cv_env_CFLAGS_set=
ac_cv_env_CFLAGS_value=
ac_cv_env_CPPFLAGS_set=
ac_cv_env_CPPFLAGS_value=
ac_cv_env_CXXCPP_set=
ac_cv_env_CXXCPP_value=
ac_cv_env_CXXFLAGS_set=
ac_cv_env_CXXFLAGS_value=
ac_cv_env_CXX_set=
ac_cv_env_CXX_value=
ac_cv_env_LDFLAGS_set=
ac_cv_env_LDFLAGS_value=
ac_cv_env_LIBS_set=
ac_cv_env_LIBS_value=
ac_cv_env_LT_SYS_LIBRARY_PATH_set=
ac_cv_env_LT_SYS_LIBRARY_PATH_value=
ac_cv_env_YACC_set=
ac_cv_env_YACC_value=
ac_cv_env_YFLAGS_set=
ac_cv_env_YFLAGS_value=
ac_cv_env_build_alias_set=
ac_cv_env_build_alias_value=
ac_cv_env_host_alias_set=
ac_cv_env_host_alias_value=
ac_cv_env_target_alias_set=
ac_cv_env_target_alias_value=
ac_cv_header_dlfcn_h=yes
ac_cv_header_inttypes_h=yes
ac_cv_header_stdint_h=yes
ac_cv_header_stdio_h=yes
ac_cv_header_stdlib_h=yes
ac_cv_header_string_h=yes
ac_cv_header_strings_h=yes
ac_cv_header_sys_stat_h=yes
ac_cv_header_sys_types_h=yes
ac_cv_header_unistd_h=yes
ac_cv_host=x86_64-pc-linux-gnu
ac_cv_intel_cflags=
ac_cv_objext=o
ac_cv_path_EGREP='/usr/bin/grep -E'
ac_cv_path_FGREP='/usr/bin/grep -F'
ac_cv_path_GREP=/usr/bin/grep
ac_cv_path_SED=/usr/bin/sed
ac_cv_path_install='/usr/bin/install -c'
ac_cv_path_lt_DD=/usr/bin/dd
ac_cv_path_mkdir=/usr/bin/mkdir
ac_cv_prog_AWK=mawk
ac_cv_prog_CXXCPP='g++ -E'
ac_cv_prog_ac_ct_AR=ar
ac_cv_prog_ac_ct_CC=gcc
ac_cv_prog_ac_ct_CXX=g++
ac_cv_prog_ac_ct_FILECMD=file
ac_cv_prog_ac_ct_MANIFEST_TOOL=mt
ac_cv_prog_ac_ct_OBJDUMP=objdump
ac_cv_prog_ac_ct_RANLIB=ranlib
ac_cv_prog_ac_ct_STRIP=strip
ac_cv_prog_cc_c11=
ac_cv_prog_cc_g=yes
ac_cv_prog_cc_stdc=
ac_cv_prog_cxx_cxx11=
ac_cv_prog_cxx_g=yes
ac_cv_prog_cxx_stdcxx=
ac_cv_prog_gcc_opt_flags='-O3 -ffast-math -fstrict-aliasing -fomit-frame-pointer'
ac_cv_prog_gxx_opt_flags=-O3
ac_cv_prog_make_make_set=yes
acl_cv_prog_gnu_ld_symbolic=yes
am_cv_CC_dependencies_compiler_type=gcc3
am_cv_CXX_dependencies_compiler_type=gcc3
am_cv_make_support_nested_variables=yes
am_cv_prog_cc_c_o=yes
ax_cv_check_cflags___Werror__fvisibility_hidden=yes
ax_cv_check_cxxflags___Werror__fvisibility_hidden=yes
ax_cv_check_cxxflags___fvisibility_inlines_hidden=yes
ax_cv_check_cxxflags___std_cpp17=yes
lt_cv_ar_at_file=@
lt_cv_archive_cmds_need_lc=no
lt_cv_deplibs_check_method=pass_all
lt_cv_file_magic_cmd='$MAGIC_CMD'
lt_cv_file_magic_test_file=
lt_cv_ld_reload_flag=-r
lt_cv_nm_interface='BSD nm'
lt_cv_objdir=.libs
lt_cv_path_LD=/usr/bin/ld
lt_cv_path_LDCXX='/usr/bin/ld -m elf_x86_64'
lt_cv_path_NM='/usr/bin/nm -B'
lt_cv_path_mainfest_tool=no
lt_cv_prog_compiler_c_o=yes
lt_cv_prog_compiler_c_o_CXX=yes
lt_cv_prog_compiler_pic='-fPIC -DPIC'
lt_cv_prog_compiler_pic_CXX='-fPIC -DPIC'
lt_cv_prog_compiler_pic_works=yes
lt_cv_prog_compiler_pic_works_CXX=yes
lt_cv_prog_compiler_rtti_exceptions=no
lt_cv_prog_compiler_static_works=yes
lt_cv_prog_compiler_static_works_CXX=yes
lt_cv_prog_gnu_ld=yes
lt_cv_prog_gnu_ldcxx=yes
lt_cv_sharedlib_from_linklib_cmd='printf %s\n'
lt_cv_shlibpath_overrides_runpath=yes
lt_cv_sys_global_symbol_pipe='/usr/bin/sed -n -e '\''s/^.*[	 ]\([ABCDGIRSTW][ABCDGIRSTW]*\)[	 ][	 ]*\([_A-Za-z][_A-Za-z0-9]*\)$/\1 \2 \2/p'\'' | /usr/bin/sed '\''/ __gnu_lto/d'\'''
lt_cv_sys_global_symbol_to_c_name_address='/usr/bin/sed -n -e '\''s/^: \(.*\) .*$/  {"\1", (void *) 0},/p'\'' -e '\''s/^[ABCDGIRSTW][ABCDGIRSTW]* .* \(.*\)$/  {"\1", (void *) \&\1},/p'\'''
lt_cv_sys_global_symbol_to_c_name_address_lib_prefix='/usr/bin/sed -n -e '\''s/^: \(.*\) .*$/  {"\1", (void *) 0},/p'\'' -e '\''s/^[ABCDGIRSTW][ABCDGIRSTW]* .* \(lib.*\)$/  {"\1", (void *) \&\1},/p'\'' -e '\''s/^[ABCDGIRSTW][ABCDGIRSTW]* .* \(.*\)$/  {"lib\1", (void *) \&\1},/p'\'''
lt_cv_sys_global_symbol_to_cdecl='/usr/bin/sed -n -e '\''s/^T .* \(.*\)$/extern int \1();/p'\'' -e '\''s/^[ABCDGIRSTW][ABCDGIRSTW]* .* \(.*\)$/extern char \1;/p'\'''
lt_cv_sys_global_symbol_to_import=
lt_cv_sys_max_cmd_len=1572864
lt_cv_to_host_file_cmd=func_convert_file_noop
lt_cv_to_tool_file_cmd=func_convert_file_noop
lt_cv_truncate_bin='/usr/bin/dd bs=4096 count=1'

## ----------------- ##
## Output variables. ##
## ----------------- ##

ACLOCAL='${SHELL} '\''/home/tacas23/tacas/spot-2.11.5/buddy/tools/missing'\'' aclocal-1.16'
AMDEPBACKSLASH='\'
AMDEP_FALSE='#'
AMDEP_TRUE=''
AMTAR='$${TAR-tar}'
AM_BACKSLASH='\'
AM_DEFAULT_V='$(AM_DEFAULT_VERBOSITY)'
AM_DEFAULT_VERBOSITY='1'
AM_V='$(V)'
AR='ar'
AS='as'
AUTOCONF='${SHELL} '\''/home/tacas23/tacas/spot-2.11.5/buddy/tools/missing'\'' autoconf'
AUTOHEADER='${SHELL} '\''/home/tacas23/tacas/spot-2.11.5/buddy/tools/missing'\'' autoheader'
AUTOMAKE='${SHELL} '\''/home/tacas23/tacas/spot-2.11.5/buddy/tools/missing'\'' automake-1.16'
AWK='mawk'
CC='gcc'
CCDEPMODE='depmode=gcc3'
CFLAGS=' -fvisibility=hidden -g -O3 -ffast-math -fstrict-aliasing -fomit-frame-pointer'
CPPFLAGS=' -DNDEBUG'
CSCOPE='cscope'
CTAGS='ctags'
CXX='g++'
CXXCPP='g++ -E'
CXXDEPMODE='depmode=gcc3'
CXXFLAGS=' -fvisibility=hidden -fvisibility-inlines-hidden -g -O3 -std=c++17'
CYGPATH_W='echo'
DEFS='-DHAVE_CONFIG_H'
DEPDIR='.deps'
DLLTOOL='false'
DSYMUTIL=''
DUMPBIN=''
ECHO_C=''
ECHO_N='-n'
ECHO_T=''
EGREP='/usr/bin/grep -E'
ETAGS='etags'
EXEEXT=''
FGREP='/usr/bin/grep -F'
FILECMD='file'
GREP='/usr/bin/grep'
INSTALL_DATA='${INSTALL} -m 644'
INSTALL_PROGRAM='${INSTALL}'
INSTALL_SCRIPT='${INSTALL}'
INSTALL_STRIP_PROGRAM='$(install_sh) -c -s'
INTEL_CFLAGS=''
LD='/usr/bin/ld -m elf_x86_64'
LDFLAGS=''
LEX='${SHELL} '\''/home/tacas23/tacas/spot-2.11.5/buddy/tools/missing'\'' flex'
LEXLIB=''
LEX_OUTPUT_ROOT=''
LIBOBJS=''
LIBS=''
LIBTOOL='$(SHELL) $(top_builddir)/libtool'
LIPO=''
LN_S='ln -s'
LTLIBOBJS=''
LT_SYS_LIBRARY_PATH=''
MAKEINFO='${SHELL} '\''/home/tacas23/tacas/spot-2.11.5/buddy/tools/missing'\'' makeinfo'
MANIFEST_TOOL=':'
MKDIR_P='/usr/bin/mkdir -p'
NM='/usr/bin/nm -B'
NMEDIT=''
OBJDUMP='objdump'
OBJEXT='o'
OTOOL64=''
OTOOL=''
PACKAGE='buddy'
PACKAGE_BUGREPORT=''
PACKAGE_NAME='buddy'
PACKAGE_STRING='buddy 2.3a'
PACKAGE_TARNAME='buddy'
PACKAGE_URL=''
PACKAGE_VERSION='2.3a'
PATH_SEPARATOR=':'
RANLIB='ranlib'
SED='/usr/bin/sed'
SET_MAKE=''
SHELL='/bin/bash'
STRIP='strip'
SYMBOLIC_LDFLAGS='-Wl,-Bsymbolic-functions'
VERSION='2.3a'
YACC='yacc'
YFLAGS=''
ac_ct_AR='ar'
ac_ct_CC='gcc'
ac_ct_CXX='g++'
ac_ct_DUMPBIN=''
am__EXEEXT_FALSE=''
am__EXEEXT_TRUE='#'
am__fastdepCC_FALSE='#'
am__fastdepCC_TRUE=''
am__fastdepCXX_FALSE='#'
am__fastdepCXX_TRUE=''
am__include='include'
am__isrc=''
am__leading_dot='.'
am__nodep='_no'
am__quote=''
am__tar='$${TAR-tar} chof - "$$tardir"'
am__untar='$${TAR-tar} xf -'
bindir='${exec_prefix}/bin'
build='x86_64-pc-linux-gnu'
build_alias=''
build_cpu='x86_64'
build_os='linux-gnu'
build_vendor='pc'
datadir='${datarootdir}'
datarootdir='${prefix}/share'
docdir='${datarootdir}/doc/${PACKAGE_TARNAME}'
dvidir='${docdir}'
exec_prefix='${prefix}'
host='x86_64-pc-linux-gnu'
host_alias=''
host_cpu='x86_64'
host_os='linux-gnu'
host_vendor='pc'
htmldir='${docdir}'
includedir='${prefix}/include'
infodir='${datarootdir}/info'
install_sh='${SHELL} /home/tacas23/tacas/spot-2.11.5/buddy/tools/install-sh'
libdir='${exec_prefix}/lib'
libexecdir='${exec_prefix}/libexec'
localedir='${datarootdir}/locale'
localstatedir='${prefix}/var'
mandir='${datarootdir}/man'
mkdir_p='$(MKDIR_P)'
oldincludedir='/usr/include'
pdfdir='${docdir}'
prefix='/home/tacas23/usr'
program_transform_name='s,x,x,'
psdir='${docdir}'
runstatedir='${localstatedir}/run'
sbindir='${exec_prefix}/sbin'
sharedstatedir='${prefix}/com'
sysconfdir='${prefix}/etc'
target_alias=''

## ----------- ##
## confdefs.h. ##
## ----------- ##

/* confdefs.h */
#define PACKAGE_NAME "buddy"
#define PACKAGE_TARNAME "buddy"
#define PACKAGE_VERSION "2.3a"
#define PACKAGE_STRING "buddy 2.3a"
#define PACKAGE_BUGREPORT ""
#define PACKAGE_URL ""
#define HAVE_STDIO_H 1
#define HAVE_STDLIB_H 1
#define HAVE_STRING_H 1
#define HAVE_INTTYPES_H 1
#define HAVE_STDINT_H 1
#define HAVE_STRINGS_H 1
#define HAVE_SYS_STAT_H 1
#define HAVE_SYS_TYPES_H 1
#define HAVE_UNISTD_H 1
#define STDC_HEADERS 1
#define HAVE_DLFCN_H 1
#define LT_OBJDIR ".libs/"

configure: exit 0
